============================= test session starts ==============================
platform linux -- Python 3.10.12, pytest-9.0.2, pluggy-1.6.0 -- /usr/bin/python3
cachedir: .pytest_cache
rootdir: /home/simze/web3-project/akave-pytorch-o3
configfile: pyproject.toml
plugins: trio-0.8.0, anyio-1.4.0, cov-7.0.0, timeout-2.4.0, asyncio-1.3.0, Faker-40.4.0, mock-3.15.1, xdist-3.8.0, rerunfailures-16.1
asyncio: mode=strict, debug=False, asyncio_default_fixture_loop_scope=None, asyncio_default_test_loop_scope=function
collecting ... collected 7 items

tests/test_dataset.py::TestLRUCache::test_basic_operations PASSED        [ 14%]
tests/test_dataset.py::TestLRUCache::test_clear PASSED                   [ 28%]
tests/test_dataset.py::TestLRUCache::test_lru_ordering PASSED            [ 42%]
tests/test_dataset.py::TestO3Dataset::test_cache_key_generation PASSED   [ 57%]
tests/test_dataset.py::TestO3Dataset::test_dataset_initialization PASSED [ 71%]
tests/test_dataset.py::TestO3Dataset::test_empty_object_keys PASSED      [ 85%]
tests/test_dataset.py::TestDatasetIntegration::test_dataset_with_dataloader PASSED [100%]

=============================== warnings summary ===============================
../../.local/lib/python3.10/site-packages/websockets/legacy/__init__.py:6
  /home/simze/.local/lib/python3.10/site-packages/websockets/legacy/__init__.py:6: DeprecationWarning: websockets.legacy is deprecated; see https://websockets.readthedocs.io/en/stable/howto/upgrade.html for upgrade instructions
    warnings.warn(  # deprecated in 14.0 - 2024-11-09

-- Docs: https://docs.pytest.org/en/stable/how-to/capture-warnings.html
========================= 7 passed, 1 warning in 6.02s =========================
